<?xml version="1.0" encoding="UTF-8"?>
<!-- Generated by org.testng.reporters.JUnitReportReporter -->
<testsuite hostname="mindc1d406" failures="0" tests="1" name="com.mindtree.Exam.TC001_URL" time="5.713" errors="0" timestamp="2022-05-20T09:58:16 IST" skipped="0">
  <testcase classname="com.mindtree.Exam.TC001_URL" name="Test4" time="5.713"/>
  <system-out/>
</testsuite> <!-- com.mindtree.Exam.TC001_URL -->
