<?xml version="1.0" encoding="UTF-8"?>
<!-- Generated by org.testng.reporters.JUnitReportReporter -->
<testsuite hostname="mindc1d406" failures="0" tests="1" name="com.mindtree.Exam.LogIn" time="15.242" errors="0" timestamp="2022-05-20T09:58:16 IST" skipped="0">
  <testcase classname="com.mindtree.Exam.LogIn" name="Test2" time="15.242"/>
  <system-out/>
</testsuite> <!-- com.mindtree.Exam.LogIn -->
