<?xml version="1.0" encoding="UTF-8"?>
<!-- Generated by org.testng.reporters.JUnitReportReporter -->
<testsuite hostname="mindc1d406" failures="0" tests="1" name="com.mindtree.Exam2.URL" time="7.893" errors="0" timestamp="02 Jun 2022 11:57:04 GMT" skipped="0">
  <testcase classname="com.mindtree.Exam2.URL" name="Test1" time="7.893"/>
</testsuite> <!-- com.mindtree.Exam2.URL -->
