<?xml version="1.0" encoding="UTF-8"?>
<!-- Generated by org.testng.reporters.JUnitReportReporter -->
<testsuite hostname="mindc1d406" failures="0" tests="1" name="com.mindtree.Exam2.SearchValidData" time="5.629" errors="0" timestamp="02 Jun 2022 11:53:53 GMT" skipped="0">
  <testcase classname="com.mindtree.Exam2.SearchValidData" name="Test5" time="5.629"/>
</testsuite> <!-- com.mindtree.Exam2.SearchValidData -->
